This is pdfTeX, Version 3.14159265-2.6-1.40.15 (TeX Live 2014) (preloaded format=pdflatex 2014.10.22)  18 APR 2016 23:17
entering extended mode
 restricted \write18 enabled.
 %&-line parsing enabled.
**"4YP Theory.tex"
(./4YP Theory.tex
LaTeX2e <2014/05/01>
Babel <3.9k> and hyphenation patterns for 78 languages loaded.
(/usr/local/texlive/2014/texmf-dist/tex/latex/base/report.cls
Document Class: report 2007/10/19 v1.4h Standard LaTeX document class
(/usr/local/texlive/2014/texmf-dist/tex/latex/base/size11.clo
File: size11.clo 2007/10/19 v1.4h Standard LaTeX file (size option)
)
\c@part=\count79
\c@chapter=\count80
\c@section=\count81
\c@subsection=\count82
\c@subsubsection=\count83
\c@paragraph=\count84
\c@subparagraph=\count85
\c@figure=\count86
\c@table=\count87
\abovecaptionskip=\skip41
\belowcaptionskip=\skip42
\bibindent=\dimen102
)
(/usr/local/texlive/2014/texmf-dist/tex/latex/geometry/geometry.sty
Package: geometry 2010/09/12 v5.6 Page Geometry

(/usr/local/texlive/2014/texmf-dist/tex/latex/graphics/keyval.sty
Package: keyval 2014/05/08 v1.15 key=value parser (DPC)
\KV@toks@=\toks14
)
(/usr/local/texlive/2014/texmf-dist/tex/generic/oberdiek/ifpdf.sty
Package: ifpdf 2011/01/30 v2.3 Provides the ifpdf switch (HO)
Package ifpdf Info: pdfTeX in PDF mode is detected.
)
(/usr/local/texlive/2014/texmf-dist/tex/generic/oberdiek/ifvtex.sty
Package: ifvtex 2010/03/01 v1.5 Detect VTeX and its facilities (HO)
Package ifvtex Info: VTeX not detected.
)
(/usr/local/texlive/2014/texmf-dist/tex/generic/ifxetex/ifxetex.sty
Package: ifxetex 2010/09/12 v0.6 Provides ifxetex conditional
)
\Gm@cnth=\count88
\Gm@cntv=\count89
\c@Gm@tempcnt=\count90
\Gm@bindingoffset=\dimen103
\Gm@wd@mp=\dimen104
\Gm@odd@mp=\dimen105
\Gm@even@mp=\dimen106
\Gm@layoutwidth=\dimen107
\Gm@layoutheight=\dimen108
\Gm@layouthoffset=\dimen109
\Gm@layoutvoffset=\dimen110
\Gm@dimlist=\toks15
)
(/usr/local/texlive/2014/texmf-dist/tex/latex/setspace/setspace.sty
Package: setspace 2011/12/19 v6.7a set line spacing
)
(/usr/local/texlive/2014/texmf-dist/tex/latex/cite/cite.sty
LaTeX Info: Redefining \cite on input line 302.
LaTeX Info: Redefining \nocite on input line 373.
Package: cite 2010/09/10  v 5.3
)
(/usr/local/texlive/2014/texmf-dist/tex/latex/adjustbox/adjustbox.sty
Package: adjustbox 2012/05/21 v1.0 Adjusting TeX boxes (trim, clip, ...)

(/usr/local/texlive/2014/texmf-dist/tex/latex/xkeyval/xkeyval.sty
Package: xkeyval 2014/05/09 v2.6d package option processing (HA)

(/usr/local/texlive/2014/texmf-dist/tex/generic/xkeyval/xkeyval.tex
\XKV@toks=\toks16
\XKV@tempa@toks=\toks17
\XKV@depth=\count91
File: xkeyval.tex 2014/05/09 v2.6d key=value parser (HA)
))
(/usr/local/texlive/2014/texmf-dist/tex/latex/adjustbox/adjcalc.sty
Package: adjcalc 2012/05/16 v1.1 Provides advanced setlength with multiple back
-ends (calc, etex, pgfmath)
)
(/usr/local/texlive/2014/texmf-dist/tex/latex/adjustbox/trimclip.sty
Package: trimclip 2012/05/16 v1.0 Trim and clip general TeX material

(/usr/local/texlive/2014/texmf-dist/tex/latex/graphics/graphicx.sty
Package: graphicx 2014/04/25 v1.0g Enhanced LaTeX Graphics (DPC,SPQR)

(/usr/local/texlive/2014/texmf-dist/tex/latex/graphics/graphics.sty
Package: graphics 2009/02/05 v1.0o Standard LaTeX Graphics (DPC,SPQR)

(/usr/local/texlive/2014/texmf-dist/tex/latex/graphics/trig.sty
Package: trig 1999/03/16 v1.09 sin cos tan (DPC)
)
(/usr/local/texlive/2014/texmf-dist/tex/latex/latexconfig/graphics.cfg
File: graphics.cfg 2010/04/23 v1.9 graphics configuration of TeX Live
)
Package graphics Info: Driver file: pdftex.def on input line 91.

(/usr/local/texlive/2014/texmf-dist/tex/latex/pdftex-def/pdftex.def
File: pdftex.def 2011/05/27 v0.06d Graphics/color for pdfTeX

(/usr/local/texlive/2014/texmf-dist/tex/generic/oberdiek/infwarerr.sty
Package: infwarerr 2010/04/08 v1.3 Providing info/warning/error messages (HO)
)
(/usr/local/texlive/2014/texmf-dist/tex/generic/oberdiek/ltxcmds.sty
Package: ltxcmds 2011/11/09 v1.22 LaTeX kernel commands for general use (HO)
)
\Gread@gobject=\count92
))
\Gin@req@height=\dimen111
\Gin@req@width=\dimen112
)
(/usr/local/texlive/2014/texmf-dist/tex/latex/collectbox/collectbox.sty
Package: collectbox 2012/05/17 v0.4b Collect macro arguments as boxes
\collectedbox=\box26
)
\tc@llx=\dimen113
\tc@lly=\dimen114
\tc@urx=\dimen115
\tc@ury=\dimen116
Package trimclip Info: Using driver 'tc-pdftex.def'.

(/usr/local/texlive/2014/texmf-dist/tex/latex/adjustbox/tc-pdftex.def
File: tc-pdftex.def 2012/05/13 v1.0 Clipping driver for pdftex
))
\adjbox@Width=\dimen117
\adjbox@Height=\dimen118
\adjbox@Depth=\dimen119
\adjbox@Totalheight=\dimen120

(/usr/local/texlive/2014/texmf-dist/tex/latex/ifoddpage/ifoddpage.sty
Package: ifoddpage 2011/09/13 v1.0 Conditionals for odd/even page detection
\c@checkoddpage=\count93
)
(/usr/local/texlive/2014/texmf-dist/tex/latex/varwidth/varwidth.sty
Package: varwidth 2009/03/30 ver 0.92;  Variable-width minipages
\@vwid@box=\box27
\sift@deathcycles=\count94
\@vwid@loff=\dimen121
\@vwid@roff=\dimen122
))
(/usr/local/texlive/2014/texmf-dist/tex/latex/caption/caption.sty
Package: caption 2013/05/02 v3.3-89 Customizing captions (AR)

(/usr/local/texlive/2014/texmf-dist/tex/latex/caption/caption3.sty
Package: caption3 2013/05/02 v1.6-88 caption3 kernel (AR)
Package caption3 Info: TeX engine: e-TeX on input line 57.
\captionmargin=\dimen123
\captionmargin@=\dimen124
\captionwidth=\dimen125
\caption@tempdima=\dimen126
\caption@indent=\dimen127
\caption@parindent=\dimen128
\caption@hangindent=\dimen129
)
\c@ContinuedFloat=\count95
)
(/usr/local/texlive/2014/texmf-dist/tex/latex/tools/array.sty
Package: array 2008/09/09 v2.4c Tabular extension package (FMi)
\col@sep=\dimen130
\extrarowheight=\dimen131
\NC@list=\toks18
\extratabsurround=\skip43
\backup@length=\skip44
)
(/usr/local/texlive/2014/texmf-dist/tex/latex/caption/subcaption.sty
Package: subcaption 2013/02/03 v1.1-62 Sub-captions (AR)
\c@subfigure=\count96
\c@subtable=\count97
)
(/usr/local/texlive/2014/texmf-dist/tex/latex/amsmath/amsmath.sty
Package: amsmath 2013/01/14 v2.14 AMS math features
\@mathmargin=\skip45

For additional information on amsmath, use the `?' option.
(/usr/local/texlive/2014/texmf-dist/tex/latex/amsmath/amstext.sty
Package: amstext 2000/06/29 v2.01

(/usr/local/texlive/2014/texmf-dist/tex/latex/amsmath/amsgen.sty
File: amsgen.sty 1999/11/30 v2.0
\@emptytoks=\toks19
\ex@=\dimen132
))
(/usr/local/texlive/2014/texmf-dist/tex/latex/amsmath/amsbsy.sty
Package: amsbsy 1999/11/29 v1.2d
\pmbraise@=\dimen133
)
(/usr/local/texlive/2014/texmf-dist/tex/latex/amsmath/amsopn.sty
Package: amsopn 1999/12/14 v2.01 operator names
)
\inf@bad=\count98
LaTeX Info: Redefining \frac on input line 210.
\uproot@=\count99
\leftroot@=\count100
LaTeX Info: Redefining \overline on input line 306.
\classnum@=\count101
\DOTSCASE@=\count102
LaTeX Info: Redefining \ldots on input line 378.
LaTeX Info: Redefining \dots on input line 381.
LaTeX Info: Redefining \cdots on input line 466.
\Mathstrutbox@=\box28
\strutbox@=\box29
\big@size=\dimen134
LaTeX Font Info:    Redeclaring font encoding OML on input line 566.
LaTeX Font Info:    Redeclaring font encoding OMS on input line 567.
\macc@depth=\count103
\c@MaxMatrixCols=\count104
\dotsspace@=\muskip10
\c@parentequation=\count105
\dspbrk@lvl=\count106
\tag@help=\toks20
\row@=\count107
\column@=\count108
\maxfields@=\count109
\andhelp@=\toks21
\eqnshift@=\dimen135
\alignsep@=\dimen136
\tagshift@=\dimen137
\tagwidth@=\dimen138
\totwidth@=\dimen139
\lineht@=\dimen140
\@envbody=\toks22
\multlinegap=\skip46
\multlinetaggap=\skip47
\mathdisplay@stack=\toks23
LaTeX Info: Redefining \[ on input line 2665.
LaTeX Info: Redefining \] on input line 2666.
)
(/usr/local/texlive/2014/texmf-dist/tex/latex/amsfonts/amssymb.sty
Package: amssymb 2013/01/14 v3.01 AMS font symbols

(/usr/local/texlive/2014/texmf-dist/tex/latex/amsfonts/amsfonts.sty
Package: amsfonts 2013/01/14 v3.01 Basic AMSFonts support
\symAMSa=\mathgroup4
\symAMSb=\mathgroup5
LaTeX Font Info:    Overwriting math alphabet `\mathfrak' in version `bold'
(Font)                  U/euf/m/n --> U/euf/b/n on input line 106.
))
(/usr/local/texlive/2014/texmf-dist/tex/latex/was/gensymb.sty
Package: gensymb 2003/07/02 v1.0 (WaS)
)
(/usr/local/texlive/2014/texmf-dist/tex/latex/tablefootnote/tablefootnote.sty
Package: tablefootnote 2014/01/26 v1.1c Table foot notes (HMM)

(/usr/local/texlive/2014/texmf-dist/tex/latex/oberdiek/letltxmacro.sty
Package: letltxmacro 2010/09/02 v1.4 Let assignment for LaTeX macros (HO)
)
(/usr/local/texlive/2014/texmf-dist/tex/latex/xifthen/xifthen.sty
Package: xifthen 2009/04/17 v1.3 Extended ifthen features

(/usr/local/texlive/2014/texmf-dist/tex/latex/etex-pkg/etex.sty
Package: etex 1998/03/26 v2.0 eTeX basic definition package (PEB)
\et@xins=\count110
)
(/usr/local/texlive/2014/texmf-dist/tex/latex/tools/calc.sty
Package: calc 2007/08/22 v4.3 Infix arithmetic (KKT,FJ)
\calc@Acount=\count111
\calc@Bcount=\count112
\calc@Adimen=\dimen141
\calc@Bdimen=\dimen142
\calc@Askip=\skip48
\calc@Bskip=\skip49
LaTeX Info: Redefining \setlength on input line 75.
LaTeX Info: Redefining \addtolength on input line 76.
\calc@Ccount=\count113
\calc@Cskip=\skip50
)
(/usr/local/texlive/2014/texmf-dist/tex/latex/base/ifthen.sty
Package: ifthen 2001/05/26 v1.1c Standard LaTeX ifthen package (DPC)
)
(/usr/local/texlive/2014/texmf-dist/tex/latex/ifmtarg/ifmtarg.sty
Package: ifmtarg 2009/09/02 v1.2a check for an empty argument
))
(/usr/local/texlive/2014/texmf-dist/tex/latex/etoolbox/etoolbox.sty
Package: etoolbox 2011/01/03 v2.1 e-TeX tools for LaTeX
\etb@tempcnta=\count114
))
(/usr/local/texlive/2014/texmf-dist/tex/latex/base/fontenc.sty
Package: fontenc 2005/09/27 v1.99g Standard LaTeX package

(/usr/local/texlive/2014/texmf-dist/tex/latex/base/t1enc.def
File: t1enc.def 2005/09/27 v1.99g Standard LaTeX file
LaTeX Font Info:    Redeclaring font encoding T1 on input line 43.
))
(/usr/local/texlive/2014/texmf-dist/tex/latex/psnfss/helvet.sty
Package: helvet 2005/04/12 PSNFSS-v9.2a (WaS) 
)
(/usr/local/texlive/2014/texmf-dist/tex/latex/base/inputenc.sty
Package: inputenc 2014/04/30 v1.2b Input encoding file
\inpenc@prehook=\toks24
\inpenc@posthook=\toks25

(/usr/local/texlive/2014/texmf-dist/tex/latex/base/utf8.def
File: utf8.def 2008/04/05 v1.1m UTF-8 support for inputenc
Now handling font encoding OML ...
... no UTF-8 mapping file for font encoding OML
Now handling font encoding T1 ...
... processing UTF-8 mapping file for font encoding T1

(/usr/local/texlive/2014/texmf-dist/tex/latex/base/t1enc.dfu
File: t1enc.dfu 2008/04/05 v1.1m UTF-8 support for inputenc
   defining Unicode char U+00A1 (decimal 161)
   defining Unicode char U+00A3 (decimal 163)
   defining Unicode char U+00AB (decimal 171)
   defining Unicode char U+00BB (decimal 187)
   defining Unicode char U+00BF (decimal 191)
   defining Unicode char U+00C0 (decimal 192)
   defining Unicode char U+00C1 (decimal 193)
   defining Unicode char U+00C2 (decimal 194)
   defining Unicode char U+00C3 (decimal 195)
   defining Unicode char U+00C4 (decimal 196)
   defining Unicode char U+00C5 (decimal 197)
   defining Unicode char U+00C6 (decimal 198)
   defining Unicode char U+00C7 (decimal 199)
   defining Unicode char U+00C8 (decimal 200)
   defining Unicode char U+00C9 (decimal 201)
   defining Unicode char U+00CA (decimal 202)
   defining Unicode char U+00CB (decimal 203)
   defining Unicode char U+00CC (decimal 204)
   defining Unicode char U+00CD (decimal 205)
   defining Unicode char U+00CE (decimal 206)
   defining Unicode char U+00CF (decimal 207)
   defining Unicode char U+00D0 (decimal 208)
   defining Unicode char U+00D1 (decimal 209)
   defining Unicode char U+00D2 (decimal 210)
   defining Unicode char U+00D3 (decimal 211)
   defining Unicode char U+00D4 (decimal 212)
   defining Unicode char U+00D5 (decimal 213)
   defining Unicode char U+00D6 (decimal 214)
   defining Unicode char U+00D8 (decimal 216)
   defining Unicode char U+00D9 (decimal 217)
   defining Unicode char U+00DA (decimal 218)
   defining Unicode char U+00DB (decimal 219)
   defining Unicode char U+00DC (decimal 220)
   defining Unicode char U+00DD (decimal 221)
   defining Unicode char U+00DE (decimal 222)
   defining Unicode char U+00DF (decimal 223)
   defining Unicode char U+00E0 (decimal 224)
   defining Unicode char U+00E1 (decimal 225)
   defining Unicode char U+00E2 (decimal 226)
   defining Unicode char U+00E3 (decimal 227)
   defining Unicode char U+00E4 (decimal 228)
   defining Unicode char U+00E5 (decimal 229)
   defining Unicode char U+00E6 (decimal 230)
   defining Unicode char U+00E7 (decimal 231)
   defining Unicode char U+00E8 (decimal 232)
   defining Unicode char U+00E9 (decimal 233)
   defining Unicode char U+00EA (decimal 234)
   defining Unicode char U+00EB (decimal 235)
   defining Unicode char U+00EC (decimal 236)
   defining Unicode char U+00ED (decimal 237)
   defining Unicode char U+00EE (decimal 238)
   defining Unicode char U+00EF (decimal 239)
   defining Unicode char U+00F0 (decimal 240)
   defining Unicode char U+00F1 (decimal 241)
   defining Unicode char U+00F2 (decimal 242)
   defining Unicode char U+00F3 (decimal 243)
   defining Unicode char U+00F4 (decimal 244)
   defining Unicode char U+00F5 (decimal 245)
   defining Unicode char U+00F6 (decimal 246)
   defining Unicode char U+00F8 (decimal 248)
   defining Unicode char U+00F9 (decimal 249)
   defining Unicode char U+00FA (decimal 250)
   defining Unicode char U+00FB (decimal 251)
   defining Unicode char U+00FC (decimal 252)
   defining Unicode char U+00FD (decimal 253)
   defining Unicode char U+00FE (decimal 254)
   defining Unicode char U+00FF (decimal 255)
   defining Unicode char U+0102 (decimal 258)
   defining Unicode char U+0103 (decimal 259)
   defining Unicode char U+0104 (decimal 260)
   defining Unicode char U+0105 (decimal 261)
   defining Unicode char U+0106 (decimal 262)
   defining Unicode char U+0107 (decimal 263)
   defining Unicode char U+010C (decimal 268)
   defining Unicode char U+010D (decimal 269)
   defining Unicode char U+010E (decimal 270)
   defining Unicode char U+010F (decimal 271)
   defining Unicode char U+0110 (decimal 272)
   defining Unicode char U+0111 (decimal 273)
   defining Unicode char U+0118 (decimal 280)
   defining Unicode char U+0119 (decimal 281)
   defining Unicode char U+011A (decimal 282)
   defining Unicode char U+011B (decimal 283)
   defining Unicode char U+011E (decimal 286)
   defining Unicode char U+011F (decimal 287)
   defining Unicode char U+0130 (decimal 304)
   defining Unicode char U+0131 (decimal 305)
   defining Unicode char U+0132 (decimal 306)
   defining Unicode char U+0133 (decimal 307)
   defining Unicode char U+0139 (decimal 313)
   defining Unicode char U+013A (decimal 314)
   defining Unicode char U+013D (decimal 317)
   defining Unicode char U+013E (decimal 318)
   defining Unicode char U+0141 (decimal 321)
   defining Unicode char U+0142 (decimal 322)
   defining Unicode char U+0143 (decimal 323)
   defining Unicode char U+0144 (decimal 324)
   defining Unicode char U+0147 (decimal 327)
   defining Unicode char U+0148 (decimal 328)
   defining Unicode char U+014A (decimal 330)
   defining Unicode char U+014B (decimal 331)
   defining Unicode char U+0150 (decimal 336)
   defining Unicode char U+0151 (decimal 337)
   defining Unicode char U+0152 (decimal 338)
   defining Unicode char U+0153 (decimal 339)
   defining Unicode char U+0154 (decimal 340)
   defining Unicode char U+0155 (decimal 341)
   defining Unicode char U+0158 (decimal 344)
   defining Unicode char U+0159 (decimal 345)
   defining Unicode char U+015A (decimal 346)
   defining Unicode char U+015B (decimal 347)
   defining Unicode char U+015E (decimal 350)
   defining Unicode char U+015F (decimal 351)
   defining Unicode char U+0160 (decimal 352)
   defining Unicode char U+0161 (decimal 353)
   defining Unicode char U+0162 (decimal 354)
   defining Unicode char U+0163 (decimal 355)
   defining Unicode char U+0164 (decimal 356)
   defining Unicode char U+0165 (decimal 357)
   defining Unicode char U+016E (decimal 366)
   defining Unicode char U+016F (decimal 367)
   defining Unicode char U+0170 (decimal 368)
   defining Unicode char U+0171 (decimal 369)
   defining Unicode char U+0178 (decimal 376)
   defining Unicode char U+0179 (decimal 377)
   defining Unicode char U+017A (decimal 378)
   defining Unicode char U+017B (decimal 379)
   defining Unicode char U+017C (decimal 380)
   defining Unicode char U+017D (decimal 381)
   defining Unicode char U+017E (decimal 382)
   defining Unicode char U+200C (decimal 8204)
   defining Unicode char U+2013 (decimal 8211)
   defining Unicode char U+2014 (decimal 8212)
   defining Unicode char U+2018 (decimal 8216)
   defining Unicode char U+2019 (decimal 8217)
   defining Unicode char U+201A (decimal 8218)
   defining Unicode char U+201C (decimal 8220)
   defining Unicode char U+201D (decimal 8221)
   defining Unicode char U+201E (decimal 8222)
   defining Unicode char U+2030 (decimal 8240)
   defining Unicode char U+2031 (decimal 8241)
   defining Unicode char U+2039 (decimal 8249)
   defining Unicode char U+203A (decimal 8250)
   defining Unicode char U+2423 (decimal 9251)
)
Now handling font encoding OT1 ...
... processing UTF-8 mapping file for font encoding OT1

(/usr/local/texlive/2014/texmf-dist/tex/latex/base/ot1enc.dfu
File: ot1enc.dfu 2008/04/05 v1.1m UTF-8 support for inputenc
   defining Unicode char U+00A1 (decimal 161)
   defining Unicode char U+00A3 (decimal 163)
   defining Unicode char U+00B8 (decimal 184)
   defining Unicode char U+00BF (decimal 191)
   defining Unicode char U+00C5 (decimal 197)
   defining Unicode char U+00C6 (decimal 198)
   defining Unicode char U+00D8 (decimal 216)
   defining Unicode char U+00DF (decimal 223)
   defining Unicode char U+00E6 (decimal 230)
   defining Unicode char U+00EC (decimal 236)
   defining Unicode char U+00ED (decimal 237)
   defining Unicode char U+00EE (decimal 238)
   defining Unicode char U+00EF (decimal 239)
   defining Unicode char U+00F8 (decimal 248)
   defining Unicode char U+0131 (decimal 305)
   defining Unicode char U+0141 (decimal 321)
   defining Unicode char U+0142 (decimal 322)
   defining Unicode char U+0152 (decimal 338)
   defining Unicode char U+0153 (decimal 339)
   defining Unicode char U+2013 (decimal 8211)
   defining Unicode char U+2014 (decimal 8212)
   defining Unicode char U+2018 (decimal 8216)
   defining Unicode char U+2019 (decimal 8217)
   defining Unicode char U+201C (decimal 8220)
   defining Unicode char U+201D (decimal 8221)
)
Now handling font encoding OMS ...
... processing UTF-8 mapping file for font encoding OMS

(/usr/local/texlive/2014/texmf-dist/tex/latex/base/omsenc.dfu
File: omsenc.dfu 2008/04/05 v1.1m UTF-8 support for inputenc
   defining Unicode char U+00A7 (decimal 167)
   defining Unicode char U+00B6 (decimal 182)
   defining Unicode char U+00B7 (decimal 183)
   defining Unicode char U+2020 (decimal 8224)
   defining Unicode char U+2021 (decimal 8225)
   defining Unicode char U+2022 (decimal 8226)
)
Now handling font encoding OMX ...
... no UTF-8 mapping file for font encoding OMX
Now handling font encoding U ...
... no UTF-8 mapping file for font encoding U
   defining Unicode char U+00A9 (decimal 169)
   defining Unicode char U+00AA (decimal 170)
   defining Unicode char U+00AE (decimal 174)
   defining Unicode char U+00BA (decimal 186)
   defining Unicode char U+02C6 (decimal 710)
   defining Unicode char U+02DC (decimal 732)
   defining Unicode char U+200C (decimal 8204)
   defining Unicode char U+2026 (decimal 8230)
   defining Unicode char U+2122 (decimal 8482)
   defining Unicode char U+2423 (decimal 9251)
))
(/usr/local/texlive/2014/texmf-dist/tex/latex/float/float.sty
Package: float 2001/11/08 v1.3d Float enhancements (AL)
\c@float@type=\count115
\float@exts=\toks26
\float@box=\box30
\@float@everytoks=\toks27
\@floatcapt=\box31
)
(/usr/local/texlive/2014/texmf-dist/tex/latex/subfloat/subfloat.sty
Package: subfloat 2003/08/21 version 2.14

Package `subfloat', Version 2.14 of 2003/08/21.

Package subfloat Warning: Numbers of floats not counted:
(subfloat)                If you use one of the counters subfloatfiguremax or
(subfloat)                subfloattablemax you will get strange error messages
(subfloat)                containing \c@subfloatfiguremax or
(subfloat)                \c@subfloattablemax:
(subfloat)                Please switch on countmax or remove the code using
(subfloat)                the counter then..

) (/usr/local/texlive/2014/texmf-dist/tex/latex/tools/longtable.sty
Package: longtable 2004/02/01 v4.11 Multi-page Table package (DPC)
\LTleft=\skip51
\LTright=\skip52
\LTpre=\skip53
\LTpost=\skip54
\LTchunksize=\count116
\LTcapwidth=\dimen143
\LT@head=\box32
\LT@firsthead=\box33
\LT@foot=\box34
\LT@lastfoot=\box35
\LT@cols=\count117
\LT@rows=\count118
\c@LT@tables=\count119
\c@LT@chunks=\count120
\LT@p@ftn=\toks28
)
(/usr/local/texlive/2014/texmf-dist/tex/latex/multirow/multirow.sty
\bigstrutjot=\dimen144
)
(/usr/local/texlive/2014/texmf-dist/tex/latex/booktabs/booktabs.sty
Package: booktabs 2005/04/14 v1.61803 publication quality tables
\heavyrulewidth=\dimen145
\lightrulewidth=\dimen146
\cmidrulewidth=\dimen147
\belowrulesep=\dimen148
\belowbottomsep=\dimen149
\aboverulesep=\dimen150
\abovetopsep=\dimen151
\cmidrulesep=\dimen152
\cmidrulekern=\dimen153
\defaultaddspace=\dimen154
\@cmidla=\count121
\@cmidlb=\count122
\@aboverulesep=\dimen155
\@belowrulesep=\dimen156
\@thisruleclass=\count123
\@lastruleclass=\count124
\@thisrulewidth=\dimen157
)
\c@FootnoteCounter=\count125

(/usr/local/texlive/2014/texmf-dist/tex/latex/fancyhdr/fancyhdr.sty
\fancy@headwidth=\skip55
\f@ncyO@elh=\skip56
\f@ncyO@erh=\skip57
\f@ncyO@olh=\skip58
\f@ncyO@orh=\skip59
\f@ncyO@elf=\skip60
\f@ncyO@erf=\skip61
\f@ncyO@olf=\skip62
\f@ncyO@orf=\skip63
)
(/usr/local/texlive/2014/texmf-dist/tex/latex/pdfpages/pdfpages.sty
Package: pdfpages 2013/08/25 v0.4v Insert pages of external PDF documents (AM)

(/usr/local/texlive/2014/texmf-dist/tex/latex/eso-pic/eso-pic.sty
Package: eso-pic 2013/10/06 v2.0d eso-pic (RN)

(/usr/local/texlive/2014/texmf-dist/tex/generic/oberdiek/atbegshi.sty
Package: atbegshi 2011/10/05 v1.16 At begin shipout hook (HO)
)
(/usr/local/texlive/2014/texmf-dist/tex/latex/xcolor/xcolor.sty
Package: xcolor 2007/01/21 v2.11 LaTeX color extensions (UK)

(/usr/local/texlive/2014/texmf-dist/tex/latex/latexconfig/color.cfg
File: color.cfg 2007/01/18 v1.5 color configuration of teTeX/TeXLive
)
Package xcolor Info: Driver file: pdftex.def on input line 225.
Package xcolor Info: Model `cmy' substituted by `cmy0' on input line 1337.
Package xcolor Info: Model `hsb' substituted by `rgb' on input line 1341.
Package xcolor Info: Model `RGB' extended on input line 1353.
Package xcolor Info: Model `HTML' substituted by `rgb' on input line 1355.
Package xcolor Info: Model `Hsb' substituted by `hsb' on input line 1356.
Package xcolor Info: Model `tHsb' substituted by `hsb' on input line 1357.
Package xcolor Info: Model `HSB' substituted by `hsb' on input line 1358.
Package xcolor Info: Model `Gray' substituted by `gray' on input line 1359.
Package xcolor Info: Model `wave' substituted by `hsb' on input line 1360.
))
(/usr/local/texlive/2014/texmf-dist/tex/latex/pdfpages/pppdftex.def
File: pppdftex.def 2013/08/25 v0.4v Pdfpages driver for pdfTeX (AM)
)
\AM@pagebox=\box36
\AM@toc@title=\toks29
\c@AM@survey=\count126
\AM@templatesizebox=\box37
)
(./4YP Theory.aux)
\openout1 = `"4YP Theory.aux"'.

LaTeX Font Info:    Checking defaults for OML/cmm/m/it on input line 68.
LaTeX Font Info:    ... okay on input line 68.
LaTeX Font Info:    Checking defaults for T1/cmr/m/n on input line 68.
LaTeX Font Info:    ... okay on input line 68.
LaTeX Font Info:    Checking defaults for OT1/cmr/m/n on input line 68.
LaTeX Font Info:    ... okay on input line 68.
LaTeX Font Info:    Checking defaults for OMS/cmsy/m/n on input line 68.
LaTeX Font Info:    ... okay on input line 68.
LaTeX Font Info:    Checking defaults for OMX/cmex/m/n on input line 68.
LaTeX Font Info:    ... okay on input line 68.
LaTeX Font Info:    Checking defaults for U/cmr/m/n on input line 68.
LaTeX Font Info:    ... okay on input line 68.
LaTeX Font Info:    Try loading font information for T1+phv on input line 68.

(/usr/local/texlive/2014/texmf-dist/tex/latex/psnfss/t1phv.fd
File: t1phv.fd 2001/06/04 scalable font definitions for T1/phv.
)
*geometry* driver: auto-detecting
*geometry* detected driver: pdftex
*geometry* verbose mode - [ preamble ] result:
* driver: pdftex
* paper: <default>
* layout: <same size as paper>
* layoutoffset:(h,v)=(0.0pt,0.0pt)
* modes: 
* h-part:(L,W,R)=(79.49744pt, 455.30013pt, 79.49744pt)
* v-part:(T,H,B)=(79.49744pt, 635.97511pt, 79.49744pt)
* \paperwidth=614.295pt
* \paperheight=794.96999pt
* \textwidth=455.30013pt
* \textheight=635.97511pt
* \oddsidemargin=7.22745pt
* \evensidemargin=7.22745pt
* \topmargin=-29.77255pt
* \headheight=12.0pt
* \headsep=25.0pt
* \topskip=11.0pt
* \footskip=30.0pt
* \marginparwidth=59.0pt
* \marginparsep=10.0pt
* \columnsep=10.0pt
* \skip\footins=10.0pt plus 4.0pt minus 2.0pt
* \hoffset=0.0pt
* \voffset=0.0pt
* \mag=1000
* \@twocolumnfalse
* \@twosidefalse
* \@mparswitchfalse
* \@reversemarginfalse
* (1in=72.27pt=25.4mm, 1cm=28.453pt)

(/usr/local/texlive/2014/texmf-dist/tex/context/base/supp-pdf.mkii
[Loading MPS to PDF converter (version 2006.09.02).]
\scratchcounter=\count127
\scratchdimen=\dimen158
\scratchbox=\box38
\nofMPsegments=\count128
\nofMParguments=\count129
\everyMPshowfont=\toks30
\MPscratchCnt=\count130
\MPscratchDim=\dimen159
\MPnumerator=\count131
\makeMPintoPDFobject=\count132
\everyMPtoPDFconversion=\toks31
) (/usr/local/texlive/2014/texmf-dist/tex/generic/oberdiek/pdftexcmds.sty
Package: pdftexcmds 2011/11/29 v0.20 Utility functions of pdfTeX for LuaTeX (HO
)

(/usr/local/texlive/2014/texmf-dist/tex/generic/oberdiek/ifluatex.sty
Package: ifluatex 2010/03/01 v1.3 Provides the ifluatex switch (HO)
Package ifluatex Info: LuaTeX not detected.
)
Package pdftexcmds Info: LuaTeX not detected.
Package pdftexcmds Info: \pdf@primitive is available.
Package pdftexcmds Info: \pdf@ifprimitive is available.
Package pdftexcmds Info: \pdfdraftmode found.
)
(/usr/local/texlive/2014/texmf-dist/tex/latex/oberdiek/epstopdf-base.sty
Package: epstopdf-base 2010/02/09 v2.5 Base part for package epstopdf

(/usr/local/texlive/2014/texmf-dist/tex/latex/oberdiek/grfext.sty
Package: grfext 2010/08/19 v1.1 Manage graphics extensions (HO)

(/usr/local/texlive/2014/texmf-dist/tex/generic/oberdiek/kvdefinekeys.sty
Package: kvdefinekeys 2011/04/07 v1.3 Define keys (HO)
))
(/usr/local/texlive/2014/texmf-dist/tex/latex/oberdiek/kvoptions.sty
Package: kvoptions 2011/06/30 v3.11 Key value format for package options (HO)

(/usr/local/texlive/2014/texmf-dist/tex/generic/oberdiek/kvsetkeys.sty
Package: kvsetkeys 2012/04/25 v1.16 Key value parser (HO)

(/usr/local/texlive/2014/texmf-dist/tex/generic/oberdiek/etexcmds.sty
Package: etexcmds 2011/02/16 v1.5 Avoid name clashes with e-TeX commands (HO)
Package etexcmds Info: Could not find \expanded.
(etexcmds)             That can mean that you are not using pdfTeX 1.50 or
(etexcmds)             that some package has redefined \expanded.
(etexcmds)             In the latter case, load this package earlier.
)))
Package grfext Info: Graphics extension search list:
(grfext)             [.png,.pdf,.jpg,.mps,.jpeg,.jbig2,.jb2,.PNG,.PDF,.JPG,.JPE
G,.JBIG2,.JB2,.eps]
(grfext)             \AppendGraphicsExtensions on input line 452.

(/usr/local/texlive/2014/texmf-dist/tex/latex/latexconfig/epstopdf-sys.cfg
File: epstopdf-sys.cfg 2010/07/13 v1.3 Configuration of (r)epstopdf for TeX Liv
e
))
Package caption Info: Begin \AtBeginDocument code.
Package caption Info: float package is loaded.
Package caption Info: longtable package is loaded.

(/usr/local/texlive/2014/texmf-dist/tex/latex/caption/ltcaption.sty
Package: ltcaption 2013/02/03 v1.3-62 longtable captions (AR)
)
Package caption Info: End \AtBeginDocument code.
LaTeX Info: Redefining \celsius on input line 68.
Package gensymb Info: Faking symbols for \degree and \celsius on input line 68.



Package gensymb Warning: Not defining \perthousand.

LaTeX Info: Redefining \ohm on input line 68.
Package gensymb Info: Using \Omega for \ohm on input line 68.

Package gensymb Warning: Not defining \micro.

\AtBeginShipoutBox=\box39
LaTeX Font Info:    Try loading font information for U+msa on input line 71.
(/usr/local/texlive/2014/texmf-dist/tex/latex/amsfonts/umsa.fd
File: umsa.fd 2013/01/14 v3.01 AMS symbols A
)
LaTeX Font Info:    Try loading font information for U+msb on input line 71.

(/usr/local/texlive/2014/texmf-dist/tex/latex/amsfonts/umsb.fd
File: umsb.fd 2013/01/14 v3.01 AMS symbols B
) [1

{/usr/local/texlive/2014/texmf-var/fonts/map/pdftex/updmap/pdftex.map}]
LaTeX Font Info:    Font shape `T1/phv/bx/n' in size <14.4> not available
(Font)              Font shape `T1/phv/b/n' tried instead on input line 72.


Package Fancyhdr Warning: \headheight is too small (12.0pt): 
 Make it at least 13.59999pt.
 We now make it that large for the rest of the document.
 This may cause the page layout to be inconsistent, however.

[1]

Package Fancyhdr Warning: \headheight is too small (12.0pt): 
 Make it at least 13.59999pt.
 We now make it that large for the rest of the document.
 This may cause the page layout to be inconsistent, however.

[2]
LaTeX Font Info:    Font shape `T1/phv/bx/n' in size <24.88> not available
(Font)              Font shape `T1/phv/b/n' tried instead on input line 83.
 (./4YP Theory.toc
LaTeX Font Info:    Font shape `T1/phv/bx/n' in size <10.95> not available
(Font)              Font shape `T1/phv/b/n' tried instead on input line 1.
 [3

])
\tf@toc=\write3
\openout3 = `"4YP Theory.toc"'.



Package Fancyhdr Warning: \headheight is too small (12.0pt): 
 Make it at least 13.59999pt.
 We now make it that large for the rest of the document.
 This may cause the page layout to be inconsistent, however.

[4]
Chapter 1.
LaTeX Font Info:    Font shape `T1/phv/bx/n' in size <20.74> not available
(Font)              Font shape `T1/phv/b/n' tried instead on input line 93.
[1

]

Package Fancyhdr Warning: \headheight is too small (12.0pt): 
 Make it at least 13.59999pt.
 We now make it that large for the rest of the document.
 This may cause the page layout to be inconsistent, however.

[2]
Chapter 2.
[3

]

Package Fancyhdr Warning: \headheight is too small (12.0pt): 
 Make it at least 13.59999pt.
 We now make it that large for the rest of the document.
 This may cause the page layout to be inconsistent, however.

[4]

LaTeX Warning: Command \' invalid in math mode on input line 152.

Missing character: There is no é in font cmr8!

Package Fancyhdr Warning: \headheight is too small (12.0pt): 
 Make it at least 13.59999pt.
 We now make it that large for the rest of the document.
 This may cause the page layout to be inconsistent, however.

[5] <Regression_model.pdf, id=44, 322.32419pt x 119.24548pt>
File: Regression_model.pdf Graphic file (type pdf)

<use Regression_model.pdf>
Package pdftex.def Info: Regression_model.pdf used on input line 178.
(pdftex.def)             Requested size: 322.3234pt x 119.24518pt.
LaTeX Font Info:    Font shape `T1/phv/bx/n' in size <10> not available
(Font)              Font shape `T1/phv/b/n' tried instead on input line 180.


LaTeX Warning: `h' float specifier changed to `ht'.

LaTeX Font Info:    Font shape `T1/phv/bx/n' in size <12> not available
(Font)              Font shape `T1/phv/b/n' tried instead on input line 184.

Package Fancyhdr Warning: \headheight is too small (12.0pt): 
 Make it at least 13.59999pt.
 We now make it that large for the rest of the document.
 This may cause the page layout to be inconsistent, however.

[6]

Package Fancyhdr Warning: \headheight is too small (12.0pt): 
 Make it at least 13.59999pt.
 We now make it that large for the rest of the document.
 This may cause the page layout to be inconsistent, however.

[7 <./Regression_model.pdf>]

Package Fancyhdr Warning: \headheight is too small (12.0pt): 
 Make it at least 13.59999pt.
 We now make it that large for the rest of the document.
 This may cause the page layout to be inconsistent, however.

[8]
Package epstopdf Info: Source file: <RegressionPlot1D.eps>
(epstopdf)                    date: 2016-01-14 16:42:57
(epstopdf)                    size: 228894 bytes
(epstopdf)             Output file: <RegressionPlot1D-eps-converted-to.pdf>
(epstopdf)                    date: 2016-01-14 16:46:12
(epstopdf)                    size: 57461 bytes
(epstopdf)             Command: <repstopdf --outfile=RegressionPlot1D-eps-conve
rted-to.pdf RegressionPlot1D.eps>
(epstopdf)             \includegraphics on input line 277.
Package epstopdf Info: Output file is already uptodate.
 <RegressionPlot1D-eps-converted-to.pdf, id=154, 562.1pt x 421.575pt>
File: RegressionPlot1D-eps-converted-to.pdf Graphic file (type pdf)

<use RegressionPlot1D-eps-converted-to.pdf>
Package pdftex.def Info: RegressionPlot1D-eps-converted-to.pdf used on input li
ne 277.
(pdftex.def)             Requested size: 309.15596pt x 231.86696pt.


LaTeX Warning: `h' float specifier changed to `ht'.


Package Fancyhdr Warning: \headheight is too small (12.0pt): 
 Make it at least 13.59999pt.
 We now make it that large for the rest of the document.
 This may cause the page layout to be inconsistent, however.

[9]

Package Fancyhdr Warning: \headheight is too small (12.0pt): 
 Make it at least 13.59999pt.
 We now make it that large for the rest of the document.
 This may cause the page layout to be inconsistent, however.

[10 <./RegressionPlot1D-eps-converted-to.pdf>]

Package Fancyhdr Warning: \headheight is too small (12.0pt): 
 Make it at least 13.59999pt.
 We now make it that large for the rest of the document.
 This may cause the page layout to be inconsistent, however.

[11]

Package Fancyhdr Warning: \headheight is too small (12.0pt): 
 Make it at least 13.59999pt.
 We now make it that large for the rest of the document.
 This may cause the page layout to be inconsistent, however.

[12]

Package Fancyhdr Warning: \headheight is too small (12.0pt): 
 Make it at least 13.59999pt.
 We now make it that large for the rest of the document.
 This may cause the page layout to be inconsistent, however.

[13]

Package Fancyhdr Warning: \headheight is too small (12.0pt): 
 Make it at least 13.59999pt.
 We now make it that large for the rest of the document.
 This may cause the page layout to be inconsistent, however.

[14]
Package epstopdf Info: Source file: <classification_latent_f.eps>
(epstopdf)                    date: 2016-01-14 17:28:46
(epstopdf)                    size: 36967 bytes
(epstopdf)             Output file: <classification_latent_f-eps-converted-to.p
df>
(epstopdf)                    date: 2016-01-14 18:11:03
(epstopdf)                    size: 11359 bytes
(epstopdf)             Command: <repstopdf --outfile=classification_latent_f-ep
s-converted-to.pdf classification_latent_f.eps>
(epstopdf)             \includegraphics on input line 407.
Package epstopdf Info: Output file is already uptodate.

<classification_latent_f-eps-converted-to.pdf, id=184, 562.1pt x 421.575pt>
File: classification_latent_f-eps-converted-to.pdf Graphic file (type pdf)

<use classification_latent_f-eps-converted-to.pdf>
Package pdftex.def Info: classification_latent_f-eps-converted-to.pdf used on i
nput line 407.
(pdftex.def)             Requested size: 309.15596pt x 231.86696pt.


Package Fancyhdr Warning: \headheight is too small (12.0pt): 
 Make it at least 13.59999pt.
 We now make it that large for the rest of the document.
 This may cause the page layout to be inconsistent, however.

[15 <./classification_latent_f-eps-converted-to.pdf>]
<Uniform_sampling.pdf, id=196, 722.7pt x 542.025pt>
File: Uniform_sampling.pdf Graphic file (type pdf)
 <use Uniform_sampling.pdf>
Package pdftex.def Info: Uniform_sampling.pdf used on input line 433.
(pdftex.def)             Requested size: 216.81166pt x 162.60875pt.


Package Fancyhdr Warning: \headheight is too small (12.0pt): 
 Make it at least 13.59999pt.
 We now make it that large for the rest of the document.
 This may cause the page layout to be inconsistent, however.

[16] <LHS.pdf, id=201, 722.7pt x 542.025pt>
File: LHS.pdf Graphic file (type pdf)
 <use LHS.pdf>
Package pdftex.def Info: LHS.pdf used on input line 445.
(pdftex.def)             Requested size: 216.81166pt x 162.60875pt.

<RS.pdf, id=202, 722.7pt x 542.025pt>
File: RS.pdf Graphic file (type pdf)
 <use RS.pdf>
Package pdftex.def Info: RS.pdf used on input line 451.
(pdftex.def)             Requested size: 216.81166pt x 162.60875pt.

Overfull \hbox (2.32138pt too wide) in paragraph at lines 443--454
[]$[]$ $[]$ 
 []


Package Fancyhdr Warning: \headheight is too small (12.0pt): 
 Make it at least 13.59999pt.
 We now make it that large for the rest of the document.
 This may cause the page layout to be inconsistent, however.

[17 <./Uniform_sampling.pdf>]

Package Fancyhdr Warning: \headheight is too small (12.0pt): 
 Make it at least 13.59999pt.
 We now make it that large for the rest of the document.
 This may cause the page layout to be inconsistent, however.

[18 <./LHS.pdf> <./RS.pdf>]

Package Fancyhdr Warning: \headheight is too small (12.0pt): 
 Make it at least 13.59999pt.
 We now make it that large for the rest of the document.
 This may cause the page layout to be inconsistent, however.

[19]
Package epstopdf Info: Source file: <classification_MAP.eps>
(epstopdf)                    date: 2016-01-14 17:34:22
(epstopdf)                    size: 18918 bytes
(epstopdf)             Output file: <classification_MAP-eps-converted-to.pdf>
(epstopdf)                    date: 2016-01-14 17:35:05
(epstopdf)                    size: 8760 bytes
(epstopdf)             Command: <repstopdf --outfile=classification_MAP-eps-con
verted-to.pdf classification_MAP.eps>
(epstopdf)             \includegraphics on input line 515.
Package epstopdf Info: Output file is already uptodate.
 <classification_MAP-eps-converted-to.pdf, id=260, 562.1pt x 421.575pt>
File: classification_MAP-eps-converted-to.pdf Graphic file (type pdf)

<use classification_MAP-eps-converted-to.pdf>
Package pdftex.def Info: classification_MAP-eps-converted-to.pdf used on input 
line 515.
(pdftex.def)             Requested size: 236.08038pt x 177.06029pt.

Overfull \hbox (17.53827pt too wide) in paragraph at lines 515--516
 [][] 
 []

Package epstopdf Info: Source file: <classification_ave.eps>
(epstopdf)                    date: 2016-01-14 17:34:08
(epstopdf)                    size: 18889 bytes
(epstopdf)             Output file: <classification_ave-eps-converted-to.pdf>
(epstopdf)                    date: 2016-01-14 17:35:07
(epstopdf)                    size: 8965 bytes
(epstopdf)             Command: <repstopdf --outfile=classification_ave-eps-con
verted-to.pdf classification_ave.eps>
(epstopdf)             \includegraphics on input line 521.
Package epstopdf Info: Output file is already uptodate.
<classification_ave-eps-converted-to.pdf, id=261, 562.1pt x 421.575pt>
File: classification_ave-eps-converted-to.pdf Graphic file (type pdf)

<use classification_ave-eps-converted-to.pdf>
Package pdftex.def Info: classification_ave-eps-converted-to.pdf used on input 
line 521.
(pdftex.def)             Requested size: 236.08038pt x 177.06029pt.

Overfull \hbox (17.53827pt too wide) in paragraph at lines 521--522
 [][] 
 []


Package Fancyhdr Warning: \headheight is too small (12.0pt): 
 Make it at least 13.59999pt.
 We now make it that large for the rest of the document.
 This may cause the page layout to be inconsistent, however.

[20 <./classification_MAP-eps-converted-to.pdf> <./classification_ave-eps-conve
rted-to.pdf>]

Package Fancyhdr Warning: \headheight is too small (12.0pt): 
 Make it at least 13.59999pt.
 We now make it that large for the rest of the document.
 This may cause the page layout to be inconsistent, however.

[21]

Package Fancyhdr Warning: \headheight is too small (12.0pt): 
 Make it at least 13.59999pt.
 We now make it that large for the rest of the document.
 This may cause the page layout to be inconsistent, however.

[22]
Chapter 3.
<prediction_flow.pdf, id=288, 720.53192pt x 187.1793pt>
File: prediction_flow.pdf Graphic file (type pdf)

<use prediction_flow.pdf>
Package pdftex.def Info: prediction_flow.pdf used on input line 555.
(pdftex.def)             Requested size: 432.32248pt x 112.30844pt.
 [23

]
Package epstopdf Info: Source file: <overfit.eps>
(epstopdf)                    date: 2016-03-31 16:34:14
(epstopdf)                    size: 231889 bytes
(epstopdf)             Output file: <overfit-eps-converted-to.pdf>
(epstopdf)                    date: 2016-03-31 16:42:39
(epstopdf)                    size: 62572 bytes
(epstopdf)             Command: <repstopdf --outfile=overfit-eps-converted-to.p
df overfit.eps>
(epstopdf)             \includegraphics on input line 572.
Package epstopdf Info: Output file is already uptodate.

<overfit-eps-converted-to.pdf, id=292, 562.1pt x 421.575pt>
File: overfit-eps-converted-to.pdf Graphic file (type pdf)

<use overfit-eps-converted-to.pdf>
Package pdftex.def Info: overfit-eps-converted-to.pdf used on input line 572.
(pdftex.def)             Requested size: 224.83601pt x 168.627pt.

Overfull \hbox (6.2939pt too wide) in paragraph at lines 572--573
 [][] 
 []

Package epstopdf Info: Source file: <underfit.eps>
(epstopdf)                    date: 2016-03-31 16:33:30
(epstopdf)                    size: 232753 bytes
(epstopdf)             Output file: <underfit-eps-converted-to.pdf>
(epstopdf)                    date: 2016-03-31 16:42:41
(epstopdf)                    size: 61397 bytes
(epstopdf)             Command: <repstopdf --outfile=underfit-eps-converted-to.
pdf underfit.eps>
(epstopdf)             \includegraphics on input line 578.
Package epstopdf Info: Output file is already uptodate.
<underfit-eps-converted-to.pdf, id=293, 562.1pt x 421.575pt>
File: underfit-eps-converted-to.pdf Graphic file (type pdf)

<use underfit-eps-converted-to.pdf>
Package pdftex.def Info: underfit-eps-converted-to.pdf used on input line 578.
(pdftex.def)             Requested size: 224.83601pt x 168.627pt.

Overfull \hbox (6.2939pt too wide) in paragraph at lines 578--579
 [][] 
 []


Overfull \hbox (6.87189pt too wide) in paragraph at lines 570--581
[]$[]$|  $[]$ 
 []


Underfull \hbox (badness 10000) in paragraph at lines 570--581

 []

Package epstopdf Info: Source file: <fit.eps>
(epstopdf)                    date: 2016-03-31 16:33:56
(epstopdf)                    size: 234165 bytes
(epstopdf)             Output file: <fit-eps-converted-to.pdf>
(epstopdf)                    date: 2016-03-31 16:42:37
(epstopdf)                    size: 60753 bytes
(epstopdf)             Command: <repstopdf --outfile=fit-eps-converted-to.pdf f
it.eps>
(epstopdf)             \includegraphics on input line 585.
Package epstopdf Info: Output file is already uptodate.
<fit-eps-converted-to.pdf, id=294, 562.1pt x 421.575pt>
File: fit-eps-converted-to.pdf Graphic file (type pdf)

<use fit-eps-converted-to.pdf>
Package pdftex.def Info: fit-eps-converted-to.pdf used on input line 585.
(pdftex.def)             Requested size: 224.83601pt x 168.627pt.

Overfull \hbox (6.2939pt too wide) in paragraph at lines 585--586
 [][] 
 []


Package Fancyhdr Warning: \headheight is too small (12.0pt): 
 Make it at least 13.59999pt.
 We now make it that large for the rest of the document.
 This may cause the page layout to be inconsistent, however.

[24 <./prediction_flow.pdf>]
Package epstopdf Info: Source file: <ROC1.eps>
(epstopdf)                    date: 2016-01-19 16:41:15
(epstopdf)                    size: 15346 bytes
(epstopdf)             Output file: <ROC1-eps-converted-to.pdf>
(epstopdf)                    date: 2016-01-19 16:41:49
(epstopdf)                    size: 8927 bytes
(epstopdf)             Command: <repstopdf --outfile=ROC1-eps-converted-to.pdf 
ROC1.eps>
(epstopdf)             \includegraphics on input line 601.
Package epstopdf Info: Output file is already uptodate.

<ROC1-eps-converted-to.pdf, id=308, 562.1pt x 421.575pt>
File: ROC1-eps-converted-to.pdf Graphic file (type pdf)

<use ROC1-eps-converted-to.pdf>
Package pdftex.def Info: ROC1-eps-converted-to.pdf used on input line 601.
(pdftex.def)             Requested size: 281.04932pt x 210.78697pt.


Package Fancyhdr Warning: \headheight is too small (12.0pt): 
 Make it at least 13.59999pt.
 We now make it that large for the rest of the document.
 This may cause the page layout to be inconsistent, however.

[25 <./overfit-eps-converted-to.pdf> <./underfit-eps-converted-to.pdf> <./fit-e
ps-converted-to.pdf>]

Package Fancyhdr Warning: \headheight is too small (12.0pt): 
 Make it at least 13.59999pt.
 We now make it that large for the rest of the document.
 This may cause the page layout to be inconsistent, however.

[26 <./ROC1-eps-converted-to.pdf>]
Package epstopdf Info: Source file: <creative_intelligence.eps>
(epstopdf)                    date: 2016-04-14 15:11:16
(epstopdf)                    size: 152967 bytes
(epstopdf)             Output file: <creative_intelligence-eps-converted-to.pdf
>
(epstopdf)                    date: 2016-04-14 15:13:33
(epstopdf)                    size: 47846 bytes
(epstopdf)             Command: <repstopdf --outfile=creative_intelligence-eps-
converted-to.pdf creative_intelligence.eps>
(epstopdf)             \includegraphics on input line 627.
Package epstopdf Info: Output file is already uptodate.

<creative_intelligence-eps-converted-to.pdf, id=348, 401.5pt x 301.125pt>
File: creative_intelligence-eps-converted-to.pdf Graphic file (type pdf)

<use creative_intelligence-eps-converted-to.pdf>
Package pdftex.def Info: creative_intelligence-eps-converted-to.pdf used on inp
ut line 627.
(pdftex.def)             Requested size: 200.7495pt x 150.56212pt.
Package epstopdf Info: Source file: <social_intelligence.eps>
(epstopdf)                    date: 2016-04-14 15:11:36
(epstopdf)                    size: 152576 bytes
(epstopdf)             Output file: <social_intelligence-eps-converted-to.pdf>
(epstopdf)                    date: 2016-04-14 15:13:34
(epstopdf)                    size: 49834 bytes
(epstopdf)             Command: <repstopdf --outfile=social_intelligence-eps-co
nverted-to.pdf social_intelligence.eps>
(epstopdf)             \includegraphics on input line 631.
Package epstopdf Info: Output file is already uptodate.

<social_intelligence-eps-converted-to.pdf, id=349, 401.5pt x 301.125pt>
File: social_intelligence-eps-converted-to.pdf Graphic file (type pdf)

<use social_intelligence-eps-converted-to.pdf>
Package pdftex.def Info: social_intelligence-eps-converted-to.pdf used on input
 line 631.
(pdftex.def)             Requested size: 200.7495pt x 150.56212pt.
Package epstopdf Info: Source file: <perception_and_manipulation.eps>
(epstopdf)                    date: 2016-04-14 15:11:54
(epstopdf)                    size: 152918 bytes
(epstopdf)             Output file: <perception_and_manipulation-eps-converted-
to.pdf>
(epstopdf)                    date: 2016-04-14 15:13:36
(epstopdf)                    size: 49723 bytes
(epstopdf)             Command: <repstopdf --outfile=perception_and_manipulatio
n-eps-converted-to.pdf perception_and_manipulation.eps>
(epstopdf)             \includegraphics on input line 636.
Package epstopdf Info: Output file is already uptodate.

<perception_and_manipulation-eps-converted-to.pdf, id=350, 418.56375pt x 303.13
25pt>
File: perception_and_manipulation-eps-converted-to.pdf Graphic file (type pdf)
 <use perception_and_manipulation-eps-converted-to.pdf>
Package pdftex.def Info: perception_and_manipulation-eps-converted-to.pdf used 
on input line 636.
(pdftex.def)             Requested size: 209.28136pt x 151.56587pt.


Package Fancyhdr Warning: \headheight is too small (12.0pt): 
 Make it at least 13.59999pt.
 We now make it that large for the rest of the document.
 This may cause the page layout to be inconsistent, however.

[27]

Package Fancyhdr Warning: \headheight is too small (12.0pt): 
 Make it at least 13.59999pt.
 We now make it that large for the rest of the document.
 This may cause the page layout to be inconsistent, however.

[28 <./creative_intelligence-eps-converted-to.pdf> <./social_intelligence-eps-c
onverted-to.pdf> <./perception_and_manipulation-eps-converted-to.pdf>]
LaTeX Font Info:    Font shape `T1/phv/m/it' in size <10.95> not available
(Font)              Font shape `T1/phv/m/sl' tried instead on input line 656.

Underfull \hbox (badness 10000) in paragraph at lines 660--661

 []


Package Fancyhdr Warning: \headheight is too small (12.0pt): 
 Make it at least 13.59999pt.
 We now make it that large for the rest of the document.
 This may cause the page layout to be inconsistent, however.

[29]
Package epstopdf Info: Source file: <routine_manual.eps>
(epstopdf)                    date: 2016-04-16 15:19:18
(epstopdf)                    size: 109687 bytes
(epstopdf)             Output file: <routine_manual-eps-converted-to.pdf>
(epstopdf)                    date: 2016-04-16 15:20:49
(epstopdf)                    size: 36700 bytes
(epstopdf)             Command: <repstopdf --outfile=routine_manual-eps-convert
ed-to.pdf routine_manual.eps>
(epstopdf)             \includegraphics on input line 684.
Package epstopdf Info: Output file is already uptodate.
 <routine_manual-eps-converted-to.pdf, id=377, 401.5pt x 301.125pt>
File: routine_manual-eps-converted-to.pdf Graphic file (type pdf)

<use routine_manual-eps-converted-to.pdf>
Package pdftex.def Info: routine_manual-eps-converted-to.pdf used on input line
 684.
(pdftex.def)             Requested size: 200.7495pt x 150.56212pt.
Package epstopdf Info: Source file: <routine_cognitive.eps>
(epstopdf)                    date: 2016-04-16 15:18:50
(epstopdf)                    size: 109442 bytes
(epstopdf)             Output file: <routine_cognitive-eps-converted-to.pdf>
(epstopdf)                    date: 2016-04-16 15:20:50
(epstopdf)                    size: 36576 bytes
(epstopdf)             Command: <repstopdf --outfile=routine_cognitive-eps-conv
erted-to.pdf routine_cognitive.eps>
(epstopdf)             \includegraphics on input line 689.
Package epstopdf Info: Output file is already uptodate.

<routine_cognitive-eps-converted-to.pdf, id=378, 401.5pt x 301.125pt>
File: routine_cognitive-eps-converted-to.pdf Graphic file (type pdf)

<use routine_cognitive-eps-converted-to.pdf>
Package pdftex.def Info: routine_cognitive-eps-converted-to.pdf used on input l
ine 689.
(pdftex.def)             Requested size: 200.7495pt x 150.56212pt.

Underfull \hbox (badness 10000) in paragraph at lines 682--691

 []

Package epstopdf Info: Source file: <non-routine_analytical.eps>
(epstopdf)                    date: 2016-04-16 15:18:17
(epstopdf)                    size: 109919 bytes
(epstopdf)             Output file: <non-routine_analytical-eps-converted-to.pd
f>
(epstopdf)                    date: 2016-04-16 15:20:52
(epstopdf)                    size: 36852 bytes
(epstopdf)             Command: <repstopdf --outfile=non-routine_analytical-eps
-converted-to.pdf non-routine_analytical.eps>
(epstopdf)             \includegraphics on input line 694.
Package epstopdf Info: Output file is already uptodate.
<non-routine_analytical-eps-converted-to.pdf, id=379, 401.5pt x 301.125pt>
File: non-routine_analytical-eps-converted-to.pdf Graphic file (type pdf)

<use non-routine_analytical-eps-converted-to.pdf>
Package pdftex.def Info: non-routine_analytical-eps-converted-to.pdf used on in
put line 694.
(pdftex.def)             Requested size: 200.7495pt x 150.56212pt.
Package epstopdf Info: Source file: <non-routine_interactive.eps>
(epstopdf)                    date: 2016-04-16 15:19:07
(epstopdf)                    size: 109358 bytes
(epstopdf)             Output file: <non-routine_interactive-eps-converted-to.p
df>
(epstopdf)                    date: 2016-04-16 15:20:54
(epstopdf)                    size: 36843 bytes
(epstopdf)             Command: <repstopdf --outfile=non-routine_interactive-ep
s-converted-to.pdf non-routine_interactive.eps>
(epstopdf)             \includegraphics on input line 698.
Package epstopdf Info: Output file is already uptodate.

<non-routine_interactive-eps-converted-to.pdf, id=380, 401.5pt x 301.125pt>
File: non-routine_interactive-eps-converted-to.pdf Graphic file (type pdf)

<use non-routine_interactive-eps-converted-to.pdf>
Package pdftex.def Info: non-routine_interactive-eps-converted-to.pdf used on i
nput line 698.
(pdftex.def)             Requested size: 200.7495pt x 150.56212pt.
Package epstopdf Info: Source file: <non-routine_manual.eps>
(epstopdf)                    date: 2016-04-16 15:19:31
(epstopdf)                    size: 109658 bytes
(epstopdf)             Output file: <non-routine_manual-eps-converted-to.pdf>
(epstopdf)                    date: 2016-04-16 15:20:55
(epstopdf)                    size: 36829 bytes
(epstopdf)             Command: <repstopdf --outfile=non-routine_manual-eps-con
verted-to.pdf non-routine_manual.eps>
(epstopdf)             \includegraphics on input line 702.
Package epstopdf Info: Output file is already uptodate.

<non-routine_manual-eps-converted-to.pdf, id=381, 401.5pt x 301.125pt>
File: non-routine_manual-eps-converted-to.pdf Graphic file (type pdf)

<use non-routine_manual-eps-converted-to.pdf>
Package pdftex.def Info: non-routine_manual-eps-converted-to.pdf used on input 
line 702.
(pdftex.def)             Requested size: 200.7495pt x 150.56212pt.


Package Fancyhdr Warning: \headheight is too small (12.0pt): 
 Make it at least 13.59999pt.
 We now make it that large for the rest of the document.
 This may cause the page layout to be inconsistent, however.

[30]

Package Fancyhdr Warning: \headheight is too small (12.0pt): 
 Make it at least 13.59999pt.
 We now make it that large for the rest of the document.
 This may cause the page layout to be inconsistent, however.

[31 <./routine_manual-eps-converted-to.pdf> <./routine_cognitive-eps-converted-
to.pdf> <./non-routine_analytical-eps-converted-to.pdf> <./non-routine_interact
ive-eps-converted-to.pdf> <./non-routine_manual-eps-converted-to.pdf>]
Package epstopdf Info: Source file: <routine.eps>
(epstopdf)                    date: 2016-04-16 15:25:08
(epstopdf)                    size: 20736 bytes
(epstopdf)             Output file: <routine-eps-converted-to.pdf>
(epstopdf)                    date: 2016-04-16 15:25:35
(epstopdf)                    size: 9158 bytes
(epstopdf)             Command: <repstopdf --outfile=routine-eps-converted-to.p
df routine.eps>
(epstopdf)             \includegraphics on input line 719.
Package epstopdf Info: Output file is already uptodate.

<routine-eps-converted-to.pdf, id=413, 401.5pt x 301.125pt>
File: routine-eps-converted-to.pdf Graphic file (type pdf)

<use routine-eps-converted-to.pdf>
Package pdftex.def Info: routine-eps-converted-to.pdf used on input line 719.
(pdftex.def)             Requested size: 200.7495pt x 150.56212pt.
Package epstopdf Info: Source file: <non-routine.eps>
(epstopdf)                    date: 2016-04-16 15:25:16
(epstopdf)                    size: 20695 bytes
(epstopdf)             Output file: <non-routine-eps-converted-to.pdf>
(epstopdf)                    date: 2016-04-16 15:25:37
(epstopdf)                    size: 9150 bytes
(epstopdf)             Command: <repstopdf --outfile=non-routine-eps-converted-
to.pdf non-routine.eps>
(epstopdf)             \includegraphics on input line 724.
Package epstopdf Info: Output file is already uptodate.

<non-routine-eps-converted-to.pdf, id=414, 401.5pt x 301.125pt>
File: non-routine-eps-converted-to.pdf Graphic file (type pdf)

<use non-routine-eps-converted-to.pdf>
Package pdftex.def Info: non-routine-eps-converted-to.pdf used on input line 72
4.
(pdftex.def)             Requested size: 200.7495pt x 150.56212pt.
Package epstopdf Info: Source file: <labor_change.eps>
(epstopdf)                    date: 2016-04-16 23:33:52
(epstopdf)                    size: 63787 bytes
(epstopdf)             Output file: <labor_change-eps-converted-to.pdf>
(epstopdf)                    date: 2016-04-16 23:34:04
(epstopdf)                    size: 24754 bytes
(epstopdf)             Command: <repstopdf --outfile=labor_change-eps-converted
-to.pdf labor_change.eps>
(epstopdf)             \includegraphics on input line 741.
Package epstopdf Info: Output file is already uptodate.

<labor_change-eps-converted-to.pdf, id=415, 501.875pt x 401.5pt>
File: labor_change-eps-converted-to.pdf Graphic file (type pdf)

<use labor_change-eps-converted-to.pdf>
Package pdftex.def Info: labor_change-eps-converted-to.pdf used on input line 7
41.
(pdftex.def)             Requested size: 351.31009pt x 281.04808pt.


Package Fancyhdr Warning: \headheight is too small (12.0pt): 
 Make it at least 13.59999pt.
 We now make it that large for the rest of the document.
 This may cause the page layout to be inconsistent, however.

[32 <./routine-eps-converted-to.pdf> <./non-routine-eps-converted-to.pdf>]

Package Fancyhdr Warning: \headheight is too small (12.0pt): 
 Make it at least 13.59999pt.
 We now make it that large for the rest of the document.
 This may cause the page layout to be inconsistent, however.

[33 <./labor_change-eps-converted-to.pdf>]
Package epstopdf Info: Source file: <hist.eps>
(epstopdf)                    date: 2016-04-18 16:09:30
(epstopdf)                    size: 16288 bytes
(epstopdf)             Output file: <hist-eps-converted-to.pdf>
(epstopdf)                    date: 2016-04-18 16:10:00
(epstopdf)                    size: 6686 bytes
(epstopdf)             Command: <repstopdf --outfile=hist-eps-converted-to.pdf 
hist.eps>
(epstopdf)             \includegraphics on input line 770.
Package epstopdf Info: Output file is already uptodate.

<hist-eps-converted-to.pdf, id=438, 401.5pt x 301.125pt>
File: hist-eps-converted-to.pdf Graphic file (type pdf)

<use hist-eps-converted-to.pdf>
Package pdftex.def Info: hist-eps-converted-to.pdf used on input line 770.
(pdftex.def)             Requested size: 240.90184pt x 180.67638pt.


Package Fancyhdr Warning: \headheight is too small (12.0pt): 
 Make it at least 13.59999pt.
 We now make it that large for the rest of the document.
 This may cause the page layout to be inconsistent, however.

[34 <./hist-eps-converted-to.pdf>]

Package Fancyhdr Warning: \headheight is too small (12.0pt): 
 Make it at least 13.59999pt.
 We now make it that large for the rest of the document.
 This may cause the page layout to be inconsistent, however.

[35]
Chapter 4.
[36

]

Package Fancyhdr Warning: \headheight is too small (12.0pt): 
 Make it at least 13.59999pt.
 We now make it that large for the rest of the document.
 This may cause the page layout to be inconsistent, however.

[37] (./4YP Theory.bbl [38] [39

] [40]) [41]
Appendix A.

Underfull \hbox (badness 1533) in paragraph at lines 823--823
[]\T1/phv/m/n/10 Probability of com-
 []


Underfull \hbox (badness 10000) in paragraph at lines 823--823
[]\T1/phv/m/n/10 Change in
 []


Underfull \hbox (badness 10000) in paragraph at lines 823--823
\T1/phv/m/n/10 em-ploy-ment
 []


Overfull \vbox (7.4699pt too high) detected at line 823
 []


Overfull \hbox (7.4613pt too wide) in paragraph at lines 825--825
[]|\T1/phv/m/n/10 label| 
 []


Underfull \hbox (badness 1533) in paragraph at lines 831--831
[]\T1/phv/m/n/10 Probability of com-
 []


Underfull \hbox (badness 10000) in paragraph at lines 831--831
[]\T1/phv/m/n/10 Change in
 []


Underfull \hbox (badness 10000) in paragraph at lines 831--831
\T1/phv/m/n/10 em-ploy-ment
 []


Overfull \vbox (7.4699pt too high) detected at line 831
 []


Overfull \hbox (10.80127pt too wide) in paragraph at lines 833--833
[]|\T1/phv/m/n/10 Label| 
 []


Underfull \hbox (badness 3375) in paragraph at lines 855--855
[]|\T1/phv/m/n/10 Career/Technical Ed-u-ca-tion Teach-ers Sec-
 []


Underfull \hbox (badness 1817) in paragraph at lines 881--881
[]|\T1/phv/m/n/10 Social Sci-en-tists and Re-lated Work-ers All
 []


Underfull \hbox (badness 1661) in paragraph at lines 886--886
[]|\T1/phv/m/n/10 Substance Abuse and Be-hav-ioral Dis-or-der
 []


Underfull \hbox (badness 2134) in paragraph at lines 890--890
[]|\T1/phv/m/n/10 First-Line Su-per-vi-sors of Non-Retail Sales
 []

[42

] [43]
Underfull \hbox (badness 1776) in paragraph at lines 920--920
[]|\T1/phv/m/n/10 Ambulance Drivers and At-ten-dants Ex-cept
 []


Underfull \hbox (badness 1394) in paragraph at lines 922--922
[]|\T1/phv/m/n/10 Merchandise Dis-play-ers and Win-dow Trim-
 []

[44] [45] [46] [47] (./4YP Theory.aux) )
(\end occurred inside a group at level 1)

### semi simple group (level 1) entered at line 65 (\begingroup)
### bottom level 
Here is how much of TeX's memory you used:
 7758 strings out of 493117
 113214 string characters out of 6135432
 238603 words of memory out of 5000000
 10966 multiletter control sequences out of 15000+600000
 62685 words of font info for 97 fonts, out of 8000000 for 9000
 1141 hyphenation exceptions out of 8191
 53i,19n,92p,1197b,1589s stack positions out of 5000i,500n,10000p,200000b,80000s
{/usr/local/texlive/2014/texmf-dist/fonts/enc/dvips/base/8r.enc
}</usr/local/texlive/2014/texmf-dist/fonts/type1/public/amsfonts/cm/cmbx10.pfb>
</usr/local/texlive/2014/texmf-dist/fonts/type1/public/amsfonts/cm/cmbx9.pfb></
usr/local/texlive/2014/texmf-dist/fonts/type1/public/amsfonts/cm/cmex10.pfb></u
sr/local/texlive/2014/texmf-dist/fonts/type1/public/amsfonts/cm/cmmi10.pfb></us
r/local/texlive/2014/texmf-dist/fonts/type1/public/amsfonts/cm/cmmi6.pfb></usr/
local/texlive/2014/texmf-dist/fonts/type1/public/amsfonts/cm/cmmi7.pfb></usr/lo
cal/texlive/2014/texmf-dist/fonts/type1/public/amsfonts/cm/cmmi8.pfb></usr/loca
l/texlive/2014/texmf-dist/fonts/type1/public/amsfonts/cm/cmmi9.pfb></usr/local/
texlive/2014/texmf-dist/fonts/type1/public/amsfonts/cm/cmmib10.pfb></usr/local/
texlive/2014/texmf-dist/fonts/type1/public/amsfonts/cm/cmr10.pfb></usr/local/te
xlive/2014/texmf-dist/fonts/type1/public/amsfonts/cm/cmr6.pfb></usr/local/texli
ve/2014/texmf-dist/fonts/type1/public/amsfonts/cm/cmr7.pfb></usr/local/texlive/
2014/texmf-dist/fonts/type1/public/amsfonts/cm/cmr8.pfb></usr/local/texlive/201
4/texmf-dist/fonts/type1/public/amsfonts/cm/cmr9.pfb></usr/local/texlive/2014/t
exmf-dist/fonts/type1/public/amsfonts/cm/cmsy10.pfb></usr/local/texlive/2014/te
xmf-dist/fonts/type1/public/amsfonts/cm/cmsy6.pfb></usr/local/texlive/2014/texm
f-dist/fonts/type1/public/amsfonts/cm/cmsy7.pfb></usr/local/texlive/2014/texmf-
dist/fonts/type1/public/amsfonts/cm/cmsy8.pfb></usr/local/texlive/2014/texmf-di
st/fonts/type1/public/amsfonts/cm/cmti10.pfb></usr/local/texlive/2014/texmf-dis
t/fonts/type1/public/amsfonts/cm/cmti9.pfb></usr/local/texlive/2014/texmf-dist/
fonts/type1/public/amsfonts/cm/cmtt10.pfb></usr/local/texlive/2014/texmf-dist/f
onts/type1/public/amsfonts/latxfont/lcircle1.pfb></usr/local/texlive/2014/texmf
-dist/fonts/type1/public/amsfonts/latxfont/line10.pfb></usr/local/texlive/2014/
texmf-dist/fonts/type1/public/amsfonts/symbols/msam10.pfb></usr/local/texlive/2
014/texmf-dist/fonts/type1/public/amsfonts/symbols/msbm10.pfb></usr/local/texli
ve/2014/texmf-dist/fonts/type1/urw/helvetic/uhvb8a.pfb></usr/local/texlive/2014
/texmf-dist/fonts/type1/urw/helvetic/uhvr8a.pfb></usr/local/texlive/2014/texmf-
dist/fonts/type1/urw/helvetic/uhvro8a.pfb>
Output written on "4YP Theory.pdf" (52 pages, 1393906 bytes).
PDF statistics:
 547 PDF objects out of 1000 (max. 8388607)
 383 compressed objects within 4 object streams
 0 named destinations out of 1000 (max. 500000)
 126 words of extra memory for PDF output out of 10000 (max. 10000000)

